<?xml version="1.0" encoding="UTF-8"?>
<!-- Generated by org.testng.reporters.JUnitReportReporter -->
<testsuite hostname="Yavuzs-MBP.attlocal.net" failures="0" tests="1" name="com.inetbanking.testCases.TC_LoginTest_001" time="0.928" errors="0" timestamp="19 Jul 2020 01:04:45 GMT" skipped="0">
  <testcase classname="com.inetbanking.testCases.TC_LoginTest_001" name="loginTest" time="0.928"/>
</testsuite> <!-- com.inetbanking.testCases.TC_LoginTest_001 -->
