<?xml version="1.0" encoding="UTF-8"?>
<!-- Generated by org.testng.reporters.JUnitReportReporter -->
<testsuite hostname="Yavuzs-MBP.attlocal.net" failures="0" tests="1" name="com.inetbanking.testCases.TC_LoginTest_001" time="1.769" errors="0" timestamp="18 Jul 2020 17:50:13 GMT" skipped="0">
  <testcase classname="com.inetbanking.testCases.TC_LoginTest_001" name="loginTest" time="1.769"/>
</testsuite> <!-- com.inetbanking.testCases.TC_LoginTest_001 -->
